============================= test session starts ==============================
platform darwin -- Python 3.12.12, pytest-9.0.2, pluggy-1.6.0 -- /Users/ck/Project/doit/rag-ingestion/.venv/bin/python
cachedir: .pytest_cache
rootdir: /Users/ck/Project/doit/rag-ingestion
configfile: pyproject.toml
plugins: anyio-4.12.1, langsmith-0.6.4, asyncio-1.3.0
asyncio: mode=Mode.STRICT, debug=False, asyncio_default_fixture_loop_scope=None, asyncio_default_test_loop_scope=function
collecting ... collected 3 items

tests/e2e/test_deduplication_end_to_end.py::TestDeduplicationEndToEnd::test_duplicate_job_is_skipped ERROR [ 33%]
tests/e2e/test_deduplication_end_to_end.py::TestDeduplicationEndToEnd::test_force_refresh_bypasses_deduplication ERROR [ 66%]
tests/e2e/test_deduplication_end_to_end.py::TestDeduplicationEndToEnd::test_skip_reason_persisted_in_database ERROR [100%]

==================================== ERRORS ====================================
__ ERROR at setup of TestDeduplicationEndToEnd.test_duplicate_job_is_skipped ___

self = <Coroutine test_duplicate_job_is_skipped>

    def setup(self) -> None:
        runner_fixture_id = f"_{self._loop_scope}_scoped_runner"
        if runner_fixture_id not in self.fixturenames:
            self.fixturenames.append(runner_fixture_id)
>       return super().setup()
               ^^^^^^^^^^^^^^^

.venv/lib/python3.12/site-packages/pytest_asyncio/plugin.py:458: 
_ _ _ _ _ _ _ _ _ _ _ _ _ _ _ _ _ _ _ _ _ _ _ _ _ _ _ _ _ _ _ _ _ _ _ _ _ _ _ _ 

fixturedef = <FixtureDef argname='setup' scope='function' baseid='tests/e2e/test_deduplication_end_to_end.py::TestDeduplicationEndToEnd'>
request = <SubRequest 'setup' for <Coroutine test_duplicate_job_is_skipped>>

    @pytest.hookimpl(wrapper=True)
    def pytest_fixture_setup(fixturedef: FixtureDef, request) -> object | None:
        asyncio_mode = _get_asyncio_mode(request.config)
        if not _is_asyncio_fixture_function(fixturedef.func):
            if asyncio_mode == Mode.STRICT:
                # Ignore async fixtures without explicit asyncio mark in strict mode
                # This applies to pytest_trio fixtures, for example
>               return (yield)
                        ^^^^^
E               pytest.PytestRemovedIn9Warning: 'test_duplicate_job_is_skipped' requested an async fixture 'setup' with autouse=True, with no plugin or hook that handled it. This is usually an error, as pytest does not natively support it. This will turn into an error in pytest 9.
E               See: https://docs.pytest.org/en/stable/deprecations.html#sync-test-depending-on-async-fixture

.venv/lib/python3.12/site-packages/pytest_asyncio/plugin.py:728: PytestRemovedIn9Warning
_ ERROR at setup of TestDeduplicationEndToEnd.test_force_refresh_bypasses_deduplication _

self = <Coroutine test_force_refresh_bypasses_deduplication>

    def setup(self) -> None:
        runner_fixture_id = f"_{self._loop_scope}_scoped_runner"
        if runner_fixture_id not in self.fixturenames:
            self.fixturenames.append(runner_fixture_id)
>       return super().setup()
               ^^^^^^^^^^^^^^^

.venv/lib/python3.12/site-packages/pytest_asyncio/plugin.py:458: 
_ _ _ _ _ _ _ _ _ _ _ _ _ _ _ _ _ _ _ _ _ _ _ _ _ _ _ _ _ _ _ _ _ _ _ _ _ _ _ _ 

fixturedef = <FixtureDef argname='setup' scope='function' baseid='tests/e2e/test_deduplication_end_to_end.py::TestDeduplicationEndToEnd'>
request = <SubRequest 'setup' for <Coroutine test_force_refresh_bypasses_deduplication>>

    @pytest.hookimpl(wrapper=True)
    def pytest_fixture_setup(fixturedef: FixtureDef, request) -> object | None:
        asyncio_mode = _get_asyncio_mode(request.config)
        if not _is_asyncio_fixture_function(fixturedef.func):
            if asyncio_mode == Mode.STRICT:
                # Ignore async fixtures without explicit asyncio mark in strict mode
                # This applies to pytest_trio fixtures, for example
>               return (yield)
                        ^^^^^
E               pytest.PytestRemovedIn9Warning: 'test_force_refresh_bypasses_deduplication' requested an async fixture 'setup' with autouse=True, with no plugin or hook that handled it. This is usually an error, as pytest does not natively support it. This will turn into an error in pytest 9.
E               See: https://docs.pytest.org/en/stable/deprecations.html#sync-test-depending-on-async-fixture

.venv/lib/python3.12/site-packages/pytest_asyncio/plugin.py:728: PytestRemovedIn9Warning
_ ERROR at setup of TestDeduplicationEndToEnd.test_skip_reason_persisted_in_database _

self = <Coroutine test_skip_reason_persisted_in_database>

    def setup(self) -> None:
        runner_fixture_id = f"_{self._loop_scope}_scoped_runner"
        if runner_fixture_id not in self.fixturenames:
            self.fixturenames.append(runner_fixture_id)
>       return super().setup()
               ^^^^^^^^^^^^^^^

.venv/lib/python3.12/site-packages/pytest_asyncio/plugin.py:458: 
_ _ _ _ _ _ _ _ _ _ _ _ _ _ _ _ _ _ _ _ _ _ _ _ _ _ _ _ _ _ _ _ _ _ _ _ _ _ _ _ 

fixturedef = <FixtureDef argname='setup' scope='function' baseid='tests/e2e/test_deduplication_end_to_end.py::TestDeduplicationEndToEnd'>
request = <SubRequest 'setup' for <Coroutine test_skip_reason_persisted_in_database>>

    @pytest.hookimpl(wrapper=True)
    def pytest_fixture_setup(fixturedef: FixtureDef, request) -> object | None:
        asyncio_mode = _get_asyncio_mode(request.config)
        if not _is_asyncio_fixture_function(fixturedef.func):
            if asyncio_mode == Mode.STRICT:
                # Ignore async fixtures without explicit asyncio mark in strict mode
                # This applies to pytest_trio fixtures, for example
>               return (yield)
                        ^^^^^
E               pytest.PytestRemovedIn9Warning: 'test_skip_reason_persisted_in_database' requested an async fixture 'setup' with autouse=True, with no plugin or hook that handled it. This is usually an error, as pytest does not natively support it. This will turn into an error in pytest 9.
E               See: https://docs.pytest.org/en/stable/deprecations.html#sync-test-depending-on-async-fixture

.venv/lib/python3.12/site-packages/pytest_asyncio/plugin.py:728: PytestRemovedIn9Warning
=============================== warnings summary ===============================
tests/e2e/test_deduplication_end_to_end.py:18
  /Users/ck/Project/doit/rag-ingestion/tests/e2e/test_deduplication_end_to_end.py:18: PytestUnknownMarkWarning: Unknown pytest.mark.e2e - is this a typo?  You can register custom marks to avoid this warning - for details, see https://docs.pytest.org/en/stable/how-to/mark.html
    @pytest.mark.e2e

-- Docs: https://docs.pytest.org/en/stable/how-to/capture-warnings.html
=========================== short test summary info ============================
ERROR tests/e2e/test_deduplication_end_to_end.py::TestDeduplicationEndToEnd::test_duplicate_job_is_skipped - pytest.PytestRemovedIn9Warning: 'test_duplicate_job_is_skipped' requested an async fixture 'setup' with autouse=True, with no plugin or hook that handled it. This is usually an error, as pytest does not natively support it. This will turn into an error in pytest 9.
See: https://docs.pytest.org/en/stable/deprecations.html#sync-test-depending-on-async-fixture
ERROR tests/e2e/test_deduplication_end_to_end.py::TestDeduplicationEndToEnd::test_force_refresh_bypasses_deduplication - pytest.PytestRemovedIn9Warning: 'test_force_refresh_bypasses_deduplication' requested an async fixture 'setup' with autouse=True, with no plugin or hook that handled it. This is usually an error, as pytest does not natively support it. This will turn into an error in pytest 9.
See: https://docs.pytest.org/en/stable/deprecations.html#sync-test-depending-on-async-fixture
ERROR tests/e2e/test_deduplication_end_to_end.py::TestDeduplicationEndToEnd::test_skip_reason_persisted_in_database - pytest.PytestRemovedIn9Warning: 'test_skip_reason_persisted_in_database' requested an async fixture 'setup' with autouse=True, with no plugin or hook that handled it. This is usually an error, as pytest does not natively support it. This will turn into an error in pytest 9.
See: https://docs.pytest.org/en/stable/deprecations.html#sync-test-depending-on-async-fixture
========================= 1 warning, 3 errors in 4.60s =========================
