============================= test session starts ==============================
platform darwin -- Python 3.12.12, pytest-9.0.2, pluggy-1.6.0
rootdir: /Users/ck/Project/doit/rag-ingestion
configfile: pyproject.toml
plugins: anyio-4.12.1, langsmith-0.6.4, asyncio-1.3.0
asyncio: mode=Mode.STRICT, debug=False, asyncio_default_fixture_loop_scope=None, asyncio_default_test_loop_scope=function
collected 232 items / 11 errors

==================================== ERRORS ====================================
___________ ERROR collecting tests/integration/api/admin/test_rag.py ___________
ImportError while importing test module '/Users/ck/Project/doit/rag-ingestion/tests/integration/api/admin/test_rag.py'.
Hint: make sure your test modules/packages have valid Python names.
Traceback:
../../../.local/share/uv/python/cpython-3.12.12-macos-x86_64-none/lib/python3.12/importlib/__init__.py:90: in import_module
    return _bootstrap._gcd_import(name[level:], package, level)
           ^^^^^^^^^^^^^^^^^^^^^^^^^^^^^^^^^^^^^^^^^^^^^^^^^^^^
tests/integration/api/admin/test_rag.py:6: in <module>
    from app.interfaces.api.main import app
app/interfaces/api/main.py:18: in <module>
    from app.interfaces.api.v1.endpoints.admin import router as admin_router
app/interfaces/api/v1/endpoints/admin/__init__.py:3: in <module>
    from app.interfaces.api.v1.endpoints.admin import graph, integrity, jobs, rag, storage
app/interfaces/api/v1/endpoints/admin/rag.py:7: in <module>
    from app.domain.services.feedback_service import Feedback
E   ModuleNotFoundError: No module named 'app.domain.services.feedback_service'
_________ ERROR collecting tests/integration/api/admin/test_storage.py _________
ImportError while importing test module '/Users/ck/Project/doit/rag-ingestion/tests/integration/api/admin/test_storage.py'.
Hint: make sure your test modules/packages have valid Python names.
Traceback:
../../../.local/share/uv/python/cpython-3.12.12-macos-x86_64-none/lib/python3.12/importlib/__init__.py:90: in import_module
    return _bootstrap._gcd_import(name[level:], package, level)
           ^^^^^^^^^^^^^^^^^^^^^^^^^^^^^^^^^^^^^^^^^^^^^^^^^^^^
tests/integration/api/admin/test_storage.py:4: in <module>
    from app.interfaces.api.main import app
app/interfaces/api/main.py:18: in <module>
    from app.interfaces.api.v1.endpoints.admin import router as admin_router
app/interfaces/api/v1/endpoints/admin/__init__.py:3: in <module>
    from app.interfaces.api.v1.endpoints.admin import graph, integrity, jobs, rag, storage
app/interfaces/api/v1/endpoints/admin/rag.py:7: in <module>
    from app.domain.services.feedback_service import Feedback
E   ModuleNotFoundError: No module named 'app.domain.services.feedback_service'
___________ ERROR collecting tests/integration/bdd/test_chunking.py ____________
ImportError while importing test module '/Users/ck/Project/doit/rag-ingestion/tests/integration/bdd/test_chunking.py'.
Hint: make sure your test modules/packages have valid Python names.
Traceback:
../../../.local/share/uv/python/cpython-3.12.12-macos-x86_64-none/lib/python3.12/importlib/__init__.py:90: in import_module
    return _bootstrap._gcd_import(name[level:], package, level)
           ^^^^^^^^^^^^^^^^^^^^^^^^^^^^^^^^^^^^^^^^^^^^^^^^^^^^
tests/integration/bdd/test_chunking.py:8: in <module>
    from app.interfaces.api.main import app
app/interfaces/api/main.py:18: in <module>
    from app.interfaces.api.v1.endpoints.admin import router as admin_router
app/interfaces/api/v1/endpoints/admin/__init__.py:3: in <module>
    from app.interfaces.api.v1.endpoints.admin import graph, integrity, jobs, rag, storage
app/interfaces/api/v1/endpoints/admin/rag.py:7: in <module>
    from app.domain.services.feedback_service import Feedback
E   ModuleNotFoundError: No module named 'app.domain.services.feedback_service'
__________ ERROR collecting tests/integration/bdd/test_edge_cases.py ___________
ImportError while importing test module '/Users/ck/Project/doit/rag-ingestion/tests/integration/bdd/test_edge_cases.py'.
Hint: make sure your test modules/packages have valid Python names.
Traceback:
../../../.local/share/uv/python/cpython-3.12.12-macos-x86_64-none/lib/python3.12/importlib/__init__.py:90: in import_module
    return _bootstrap._gcd_import(name[level:], package, level)
           ^^^^^^^^^^^^^^^^^^^^^^^^^^^^^^^^^^^^^^^^^^^^^^^^^^^^
tests/integration/bdd/test_edge_cases.py:10: in <module>
    from app.interfaces.api.main import app
app/interfaces/api/main.py:18: in <module>
    from app.interfaces.api.v1.endpoints.admin import router as admin_router
app/interfaces/api/v1/endpoints/admin/__init__.py:3: in <module>
    from app.interfaces.api.v1.endpoints.admin import graph, integrity, jobs, rag, storage
app/interfaces/api/v1/endpoints/admin/rag.py:7: in <module>
    from app.domain.services.feedback_service import Feedback
E   ModuleNotFoundError: No module named 'app.domain.services.feedback_service'
_____ ERROR collecting tests/integration/bdd/test_entity_relationships.py ______
ImportError while importing test module '/Users/ck/Project/doit/rag-ingestion/tests/integration/bdd/test_entity_relationships.py'.
Hint: make sure your test modules/packages have valid Python names.
Traceback:
../../../.local/share/uv/python/cpython-3.12.12-macos-x86_64-none/lib/python3.12/importlib/__init__.py:90: in import_module
    return _bootstrap._gcd_import(name[level:], package, level)
           ^^^^^^^^^^^^^^^^^^^^^^^^^^^^^^^^^^^^^^^^^^^^^^^^^^^^
tests/integration/bdd/test_entity_relationships.py:16: in <module>
    from app.interfaces.api.main import app
app/interfaces/api/main.py:18: in <module>
    from app.interfaces.api.v1.endpoints.admin import router as admin_router
app/interfaces/api/v1/endpoints/admin/__init__.py:3: in <module>
    from app.interfaces.api.v1.endpoints.admin import graph, integrity, jobs, rag, storage
app/interfaces/api/v1/endpoints/admin/rag.py:7: in <module>
    from app.domain.services.feedback_service import Feedback
E   ModuleNotFoundError: No module named 'app.domain.services.feedback_service'
_________ ERROR collecting tests/integration/bdd/test_failure_flows.py _________
ImportError while importing test module '/Users/ck/Project/doit/rag-ingestion/tests/integration/bdd/test_failure_flows.py'.
Hint: make sure your test modules/packages have valid Python names.
Traceback:
../../../.local/share/uv/python/cpython-3.12.12-macos-x86_64-none/lib/python3.12/importlib/__init__.py:90: in import_module
    return _bootstrap._gcd_import(name[level:], package, level)
           ^^^^^^^^^^^^^^^^^^^^^^^^^^^^^^^^^^^^^^^^^^^^^^^^^^^^
tests/integration/bdd/test_failure_flows.py:11: in <module>
    from app.interfaces.api.main import app
app/interfaces/api/main.py:18: in <module>
    from app.interfaces.api.v1.endpoints.admin import router as admin_router
app/interfaces/api/v1/endpoints/admin/__init__.py:3: in <module>
    from app.interfaces.api.v1.endpoints.admin import graph, integrity, jobs, rag, storage
app/interfaces/api/v1/endpoints/admin/rag.py:7: in <module>
    from app.domain.services.feedback_service import Feedback
E   ModuleNotFoundError: No module named 'app.domain.services.feedback_service'
_________ ERROR collecting tests/integration/bdd/test_success_flows.py _________
ImportError while importing test module '/Users/ck/Project/doit/rag-ingestion/tests/integration/bdd/test_success_flows.py'.
Hint: make sure your test modules/packages have valid Python names.
Traceback:
../../../.local/share/uv/python/cpython-3.12.12-macos-x86_64-none/lib/python3.12/importlib/__init__.py:90: in import_module
    return _bootstrap._gcd_import(name[level:], package, level)
           ^^^^^^^^^^^^^^^^^^^^^^^^^^^^^^^^^^^^^^^^^^^^^^^^^^^^
tests/integration/bdd/test_success_flows.py:13: in <module>
    from app.interfaces.api.main import app
app/interfaces/api/main.py:18: in <module>
    from app.interfaces.api.v1.endpoints.admin import router as admin_router
app/interfaces/api/v1/endpoints/admin/__init__.py:3: in <module>
    from app.interfaces.api.v1.endpoints.admin import graph, integrity, jobs, rag, storage
app/interfaces/api/v1/endpoints/admin/rag.py:7: in <module>
    from app.domain.services.feedback_service import Feedback
E   ModuleNotFoundError: No module named 'app.domain.services.feedback_service'
__________ ERROR collecting tests/integration/tdd/test_api_ingest.py ___________
ImportError while importing test module '/Users/ck/Project/doit/rag-ingestion/tests/integration/tdd/test_api_ingest.py'.
Hint: make sure your test modules/packages have valid Python names.
Traceback:
../../../.local/share/uv/python/cpython-3.12.12-macos-x86_64-none/lib/python3.12/importlib/__init__.py:90: in import_module
    return _bootstrap._gcd_import(name[level:], package, level)
           ^^^^^^^^^^^^^^^^^^^^^^^^^^^^^^^^^^^^^^^^^^^^^^^^^^^^
tests/integration/tdd/test_api_ingest.py:16: in <module>
    from app.interfaces.api.main import app
app/interfaces/api/main.py:18: in <module>
    from app.interfaces.api.v1.endpoints.admin import router as admin_router
app/interfaces/api/v1/endpoints/admin/__init__.py:3: in <module>
    from app.interfaces.api.v1.endpoints.admin import graph, integrity, jobs, rag, storage
app/interfaces/api/v1/endpoints/admin/rag.py:7: in <module>
    from app.domain.services.feedback_service import Feedback
E   ModuleNotFoundError: No module named 'app.domain.services.feedback_service'
_________ ERROR collecting tests/integration/tdd/test_async_ingest.py __________
ImportError while importing test module '/Users/ck/Project/doit/rag-ingestion/tests/integration/tdd/test_async_ingest.py'.
Hint: make sure your test modules/packages have valid Python names.
Traceback:
../../../.local/share/uv/python/cpython-3.12.12-macos-x86_64-none/lib/python3.12/importlib/__init__.py:90: in import_module
    return _bootstrap._gcd_import(name[level:], package, level)
           ^^^^^^^^^^^^^^^^^^^^^^^^^^^^^^^^^^^^^^^^^^^^^^^^^^^^
tests/integration/tdd/test_async_ingest.py:15: in <module>
    from app.interfaces.api.main import app
app/interfaces/api/main.py:18: in <module>
    from app.interfaces.api.v1.endpoints.admin import router as admin_router
app/interfaces/api/v1/endpoints/admin/__init__.py:3: in <module>
    from app.interfaces.api.v1.endpoints.admin import graph, integrity, jobs, rag, storage
app/interfaces/api/v1/endpoints/admin/rag.py:7: in <module>
    from app.domain.services.feedback_service import Feedback
E   ModuleNotFoundError: No module named 'app.domain.services.feedback_service'
_____________ ERROR collecting tests/integration/tdd/test_jobs.py ______________
ImportError while importing test module '/Users/ck/Project/doit/rag-ingestion/tests/integration/tdd/test_jobs.py'.
Hint: make sure your test modules/packages have valid Python names.
Traceback:
../../../.local/share/uv/python/cpython-3.12.12-macos-x86_64-none/lib/python3.12/importlib/__init__.py:90: in import_module
    return _bootstrap._gcd_import(name[level:], package, level)
           ^^^^^^^^^^^^^^^^^^^^^^^^^^^^^^^^^^^^^^^^^^^^^^^^^^^^
tests/integration/tdd/test_jobs.py:16: in <module>
    from app.interfaces.api.main import app
app/interfaces/api/main.py:18: in <module>
    from app.interfaces.api.v1.endpoints.admin import router as admin_router
app/interfaces/api/v1/endpoints/admin/__init__.py:3: in <module>
    from app.interfaces.api.v1.endpoints.admin import graph, integrity, jobs, rag, storage
app/interfaces/api/v1/endpoints/admin/rag.py:7: in <module>
    from app.domain.services.feedback_service import Feedback
E   ModuleNotFoundError: No module named 'app.domain.services.feedback_service'
___________ ERROR collecting tests/integration/test_integrity_api.py ___________
ImportError while importing test module '/Users/ck/Project/doit/rag-ingestion/tests/integration/test_integrity_api.py'.
Hint: make sure your test modules/packages have valid Python names.
Traceback:
../../../.local/share/uv/python/cpython-3.12.12-macos-x86_64-none/lib/python3.12/importlib/__init__.py:90: in import_module
    return _bootstrap._gcd_import(name[level:], package, level)
           ^^^^^^^^^^^^^^^^^^^^^^^^^^^^^^^^^^^^^^^^^^^^^^^^^^^^
tests/integration/test_integrity_api.py:8: in <module>
    from app.interfaces.api.main import app
app/interfaces/api/main.py:18: in <module>
    from app.interfaces.api.v1.endpoints.admin import router as admin_router
app/interfaces/api/v1/endpoints/admin/__init__.py:3: in <module>
    from app.interfaces.api.v1.endpoints.admin import graph, integrity, jobs, rag, storage
app/interfaces/api/v1/endpoints/admin/rag.py:7: in <module>
    from app.domain.services.feedback_service import Feedback
E   ModuleNotFoundError: No module named 'app.domain.services.feedback_service'
=============================== warnings summary ===============================
app/domain/entities/job.py:15
  /Users/ck/Project/doit/rag-ingestion/app/domain/entities/job.py:15: PydanticDeprecatedSince20: Support for class-based `config` is deprecated, use ConfigDict instead. Deprecated in Pydantic V2.0 to be removed in V3.0. See Pydantic V2 Migration Guide at https://errors.pydantic.dev/2.12/migration/
    class IngestionJob(BaseModel):

app/domain/entities/document.py:10
  /Users/ck/Project/doit/rag-ingestion/app/domain/entities/document.py:10: PydanticDeprecatedSince20: Support for class-based `config` is deprecated, use ConfigDict instead. Deprecated in Pydantic V2.0 to be removed in V3.0. See Pydantic V2 Migration Guide at https://errors.pydantic.dev/2.12/migration/
    class Document(BaseModel):

<frozen importlib._bootstrap>:488
<frozen importlib._bootstrap>:488
  <frozen importlib._bootstrap>:488: DeprecationWarning: builtin type SwigPyPacked has no __module__ attribute

<frozen importlib._bootstrap>:488
<frozen importlib._bootstrap>:488
  <frozen importlib._bootstrap>:488: DeprecationWarning: builtin type SwigPyObject has no __module__ attribute

<frozen importlib._bootstrap>:488
  <frozen importlib._bootstrap>:488: DeprecationWarning: builtin type swigvarlink has no __module__ attribute

tests/integration/bdd/test_high_priority_scenarios.py:48
  /Users/ck/Project/doit/rag-ingestion/tests/integration/bdd/test_high_priority_scenarios.py:48: PytestUnknownMarkWarning: Unknown pytest.mark.integration - is this a typo?  You can register custom marks to avoid this warning - for details, see https://docs.pytest.org/en/stable/how-to/mark.html
    @pytest.mark.integration

tests/integration/bdd/test_high_priority_scenarios.py:71
  /Users/ck/Project/doit/rag-ingestion/tests/integration/bdd/test_high_priority_scenarios.py:71: PytestUnknownMarkWarning: Unknown pytest.mark.integration - is this a typo?  You can register custom marks to avoid this warning - for details, see https://docs.pytest.org/en/stable/how-to/mark.html
    @pytest.mark.integration

tests/integration/bdd/test_intent_routing.py:34
  /Users/ck/Project/doit/rag-ingestion/tests/integration/bdd/test_intent_routing.py:34: PytestUnknownMarkWarning: Unknown pytest.mark.integration - is this a typo?  You can register custom marks to avoid this warning - for details, see https://docs.pytest.org/en/stable/how-to/mark.html
    @pytest.mark.integration

tests/integration/bdd/test_intent_routing.py:64
  /Users/ck/Project/doit/rag-ingestion/tests/integration/bdd/test_intent_routing.py:64: PytestUnknownMarkWarning: Unknown pytest.mark.integration - is this a typo?  You can register custom marks to avoid this warning - for details, see https://docs.pytest.org/en/stable/how-to/mark.html
    @pytest.mark.integration

tests/integration/bdd/test_intent_routing.py:89
  /Users/ck/Project/doit/rag-ingestion/tests/integration/bdd/test_intent_routing.py:89: PytestUnknownMarkWarning: Unknown pytest.mark.integration - is this a typo?  You can register custom marks to avoid this warning - for details, see https://docs.pytest.org/en/stable/how-to/mark.html
    @pytest.mark.integration

tests/integration/bdd/test_intent_routing.py:122
  /Users/ck/Project/doit/rag-ingestion/tests/integration/bdd/test_intent_routing.py:122: PytestUnknownMarkWarning: Unknown pytest.mark.integration - is this a typo?  You can register custom marks to avoid this warning - for details, see https://docs.pytest.org/en/stable/how-to/mark.html
    @pytest.mark.integration

tests/integration/bdd/test_intent_routing.py:153
  /Users/ck/Project/doit/rag-ingestion/tests/integration/bdd/test_intent_routing.py:153: PytestUnknownMarkWarning: Unknown pytest.mark.integration - is this a typo?  You can register custom marks to avoid this warning - for details, see https://docs.pytest.org/en/stable/how-to/mark.html
    @pytest.mark.integration

tests/integration/bdd/test_knowledge_graph.py:23
  /Users/ck/Project/doit/rag-ingestion/tests/integration/bdd/test_knowledge_graph.py:23: PytestUnknownMarkWarning: Unknown pytest.mark.integration - is this a typo?  You can register custom marks to avoid this warning - for details, see https://docs.pytest.org/en/stable/how-to/mark.html
    @pytest.mark.integration

tests/integration/bdd/test_knowledge_graph.py:69
  /Users/ck/Project/doit/rag-ingestion/tests/integration/bdd/test_knowledge_graph.py:69: PytestUnknownMarkWarning: Unknown pytest.mark.integration - is this a typo?  You can register custom marks to avoid this warning - for details, see https://docs.pytest.org/en/stable/how-to/mark.html
    @pytest.mark.integration

tests/integration/bdd/test_knowledge_graph.py:99
  /Users/ck/Project/doit/rag-ingestion/tests/integration/bdd/test_knowledge_graph.py:99: PytestUnknownMarkWarning: Unknown pytest.mark.integration - is this a typo?  You can register custom marks to avoid this warning - for details, see https://docs.pytest.org/en/stable/how-to/mark.html
    @pytest.mark.integration

tests/integration/bdd/test_rag_graph_flow.py:18
  /Users/ck/Project/doit/rag-ingestion/tests/integration/bdd/test_rag_graph_flow.py:18: PytestUnknownMarkWarning: Unknown pytest.mark.integration - is this a typo?  You can register custom marks to avoid this warning - for details, see https://docs.pytest.org/en/stable/how-to/mark.html
    @pytest.mark.integration

tests/integration/test_chroma_repository.py:58
  /Users/ck/Project/doit/rag-ingestion/tests/integration/test_chroma_repository.py:58: PytestUnknownMarkWarning: Unknown pytest.mark.integration - is this a typo?  You can register custom marks to avoid this warning - for details, see https://docs.pytest.org/en/stable/how-to/mark.html
    @pytest.mark.integration

tests/integration/test_filtered_search.py:87
  /Users/ck/Project/doit/rag-ingestion/tests/integration/test_filtered_search.py:87: PytestUnknownMarkWarning: Unknown pytest.mark.integration - is this a typo?  You can register custom marks to avoid this warning - for details, see https://docs.pytest.org/en/stable/how-to/mark.html
    @pytest.mark.integration

tests/integration/test_filtered_search.py:117
  /Users/ck/Project/doit/rag-ingestion/tests/integration/test_filtered_search.py:117: PytestUnknownMarkWarning: Unknown pytest.mark.integration - is this a typo?  You can register custom marks to avoid this warning - for details, see https://docs.pytest.org/en/stable/how-to/mark.html
    @pytest.mark.integration

tests/integration/test_filtered_search.py:140
  /Users/ck/Project/doit/rag-ingestion/tests/integration/test_filtered_search.py:140: PytestUnknownMarkWarning: Unknown pytest.mark.integration - is this a typo?  You can register custom marks to avoid this warning - for details, see https://docs.pytest.org/en/stable/how-to/mark.html
    @pytest.mark.integration

tests/integration/test_hybrid_retrieval.py:14
  /Users/ck/Project/doit/rag-ingestion/tests/integration/test_hybrid_retrieval.py:14: PytestUnknownMarkWarning: Unknown pytest.mark.integration - is this a typo?  You can register custom marks to avoid this warning - for details, see https://docs.pytest.org/en/stable/how-to/mark.html
    @pytest.mark.integration

tests/integration/test_neo4j_graph_retrieval.py:18
  /Users/ck/Project/doit/rag-ingestion/tests/integration/test_neo4j_graph_retrieval.py:18: PytestUnknownMarkWarning: Unknown pytest.mark.integration - is this a typo?  You can register custom marks to avoid this warning - for details, see https://docs.pytest.org/en/stable/how-to/mark.html
    @pytest.mark.integration

tests/integration/test_neo4j_graph_retrieval.py:72
  /Users/ck/Project/doit/rag-ingestion/tests/integration/test_neo4j_graph_retrieval.py:72: PytestUnknownMarkWarning: Unknown pytest.mark.integration - is this a typo?  You can register custom marks to avoid this warning - for details, see https://docs.pytest.org/en/stable/how-to/mark.html
    @pytest.mark.integration

tests/integration/test_neo4j_repository.py:23
  /Users/ck/Project/doit/rag-ingestion/tests/integration/test_neo4j_repository.py:23: PytestUnknownMarkWarning: Unknown pytest.mark.integration - is this a typo?  You can register custom marks to avoid this warning - for details, see https://docs.pytest.org/en/stable/how-to/mark.html
    @pytest.mark.integration

tests/integration/test_query_rewrite_flow.py:13
  /Users/ck/Project/doit/rag-ingestion/tests/integration/test_query_rewrite_flow.py:13: PytestUnknownMarkWarning: Unknown pytest.mark.integration - is this a typo?  You can register custom marks to avoid this warning - for details, see https://docs.pytest.org/en/stable/how-to/mark.html
    @pytest.mark.integration

-- Docs: https://docs.pytest.org/en/stable/how-to/capture-warnings.html
=========================== short test summary info ============================
ERROR tests/integration/api/admin/test_rag.py
ERROR tests/integration/api/admin/test_storage.py
ERROR tests/integration/bdd/test_chunking.py
ERROR tests/integration/bdd/test_edge_cases.py
ERROR tests/integration/bdd/test_entity_relationships.py
ERROR tests/integration/bdd/test_failure_flows.py
ERROR tests/integration/bdd/test_success_flows.py
ERROR tests/integration/tdd/test_api_ingest.py
ERROR tests/integration/tdd/test_async_ingest.py
ERROR tests/integration/tdd/test_jobs.py
ERROR tests/integration/test_integrity_api.py
!!!!!!!!!!!!!!!!!!! Interrupted: 11 errors during collection !!!!!!!!!!!!!!!!!!!
======================= 27 warnings, 11 errors in 4.92s ========================
sys:1: DeprecationWarning: builtin type swigvarlink has no __module__ attribute
